<?xml version="1.0" encoding="UTF-8"?>
<testng-results ignored="0" total="1" passed="1" failed="0" skipped="0">
  <reporter-output>
  </reporter-output>
  <suite started-at="2021-05-18T23:53:03 IST" name="Default suite" finished-at="2021-05-18T23:53:53 IST" duration-ms="49770">
    <groups>
    </groups>
    <test started-at="2021-05-18T23:53:03 IST" name="Default test" finished-at="2021-05-18T23:53:53 IST" duration-ms="49770">
      <class name="sensen.TS_2">
        <test-method signature="finalReviewValidation()[pri:0, instance:sensen.TS_2@6973bf95]" started-at="2021-05-18T23:53:03 IST" name="finalReviewValidation" finished-at="2021-05-18T23:53:53 IST" duration-ms="49704" status="PASS">
          <reporter-output>
          </reporter-output>
        </test-method> <!-- finalReviewValidation -->
      </class> <!-- sensen.TS_2 -->
    </test> <!-- Default test -->
  </suite> <!-- Default suite -->
</testng-results>
