<?xml version="1.0" encoding="UTF-8"?>
<testng-results ignored="0" total="1" passed="1" failed="0" skipped="0">
  <reporter-output>
  </reporter-output>
  <suite started-at="2021-05-14T20:36:52Z" name="Default suite" finished-at="2021-05-14T20:37:22Z" duration-ms="30182">
    <groups>
    </groups>
    <test started-at="2021-05-14T20:36:52Z" name="Default test" finished-at="2021-05-14T20:37:22Z" duration-ms="30182">
      <class name="sensen.TS_001">
        <test-method signature="ValidationTest()[pri:0, instance:sensen.TS_001@4659191b]" started-at="2021-05-15T02:06:52Z" name="ValidationTest" finished-at="2021-05-15T02:07:22Z" duration-ms="30149" status="PASS">
          <reporter-output>
          </reporter-output>
        </test-method> <!-- ValidationTest -->
      </class> <!-- sensen.TS_001 -->
    </test> <!-- Default test -->
  </suite> <!-- Default suite -->
</testng-results>
